<?xml version="1.0" encoding="UTF-8"?>
<testng-results skipped="0" failed="0" total="1" passed="1">
  <reporter-output>
  </reporter-output>
  <suite name="Automatio Test" duration-ms="10452" started-at="2016-08-15T18:38:58Z" finished-at="2016-08-15T18:39:08Z">
    <groups>
    </groups>
    <test name="Smoke Testcases" duration-ms="10452" started-at="2016-08-15T18:38:58Z" finished-at="2016-08-15T18:39:08Z">
      <class name="SuperMaven.GmailLoginTC">
        <test-method status="PASS" signature="Login()[pri:0, instance:SuperMaven.GmailLoginTC@5ebec15]" name="Login" duration-ms="10445" started-at="2016-08-15T14:38:58Z" finished-at="2016-08-15T14:39:08Z">
          <reporter-output>
          </reporter-output>
        </test-method> <!-- Login -->
      </class> <!-- SuperMaven.GmailLoginTC -->
    </test> <!-- Smoke Testcases -->
  </suite> <!-- Automatio Test -->
</testng-results>
