<?xml version="1.0" encoding="UTF-8"?>
<testng-results skipped="0" failed="0" total="1" passed="1">
  <reporter-output>
  </reporter-output>
  <suite name="Default suite" duration-ms="11167" started-at="2016-08-15T18:32:34Z" finished-at="2016-08-15T18:32:45Z">
    <groups>
    </groups>
    <test name="Default test" duration-ms="11167" started-at="2016-08-15T18:32:34Z" finished-at="2016-08-15T18:32:45Z">
      <class name="SuperMaven.GmailLoginTC">
        <test-method status="PASS" signature="Login()[pri:0, instance:SuperMaven.GmailLoginTC@548a9f61]" name="Login" duration-ms="11156" started-at="2016-08-15T14:32:34Z" finished-at="2016-08-15T14:32:45Z">
          <reporter-output>
          </reporter-output>
        </test-method> <!-- Login -->
      </class> <!-- SuperMaven.GmailLoginTC -->
    </test> <!-- Default test -->
  </suite> <!-- Default suite -->
</testng-results>
